<?xml version="1.0" encoding="UTF-8"?>
<!-- Generated by org.testng.reporters.JUnitReportReporter -->
<testsuite hostname="IQA_CPU21_Anand" name="testexcutation.Final_test" tests="2" failures="0" timestamp="3 Dec 2020 13:32:47 GMT" time="34.230" errors="0">
  <testcase name="runLogin" time="6.059" classname="testexcutation.Final_test"/>
  <testcase name="runAlbums" time="28.171" classname="testexcutation.Final_test"/>
</testsuite> <!-- testexcutation.Final_test -->
